# JRE version: OpenJDK Runtime Environment (8.0_152-b06) (build 1.8.0_152-release-1136-b06)
# Java VM: OpenJDK 64-Bit Server VM (25.152-b06 mixed mode windows-amd64 compressed oops)
Heap:
 PSYoungGen      total 275456K, used 167505K [0x00000000e0000000, 0x00000000f5f00000, 0x0000000100000000)
  eden space 232448K, 53% used [0x00000000e0000000,0x00000000e79b4360,0x00000000ee300000)
  from space 43008K, 99% used [0x00000000ee300000,0x00000000f0cfafb0,0x00000000f0d00000)
  to   space 51712K, 0% used [0x00000000f2c80000,0x00000000f2c80000,0x00000000f5f00000)
 ParOldGen       total 129024K, used 55935K [0x00000000a0000000, 0x00000000a7e00000, 0x00000000e0000000)
  object space 129024K, 43% used [0x00000000a0000000,0x00000000a369fdb8,0x00000000a7e00000)
 Metaspace       used 89966K, capacity 93838K, committed 93912K, reserved 1130496K
  class space    used 11486K, capacity 12433K, committed 12504K, reserved 1048576K
GC Heap History (10 events):
Event: 2545.608 GC heap before
{Heap before GC invocations=29 (full 4):
 PSYoungGen      total 215552K, used 206000K [0x00000000e0000000, 0x00000000ef400000, 0x0000000100000000)
  eden space 192512K, 100% used [0x00000000e0000000,0x00000000ebc00000,0x00000000ebc00000)
  from space 23040K, 58% used [0x00000000edd80000,0x00000000eeaac030,0x00000000ef400000)
  to   space 28672K, 0% used [0x00000000ebc00000,0x00000000ebc00000,0x00000000ed800000)
 ParOldGen       total 129024K, used 35475K [0x00000000a0000000, 0x00000000a7e00000, 0x00000000e0000000)
  object space 129024K, 27% used [0x00000000a0000000,0x00000000a22a4c88,0x00000000a7e00000)
 Metaspace       used 72457K, capacity 74766K, committed 75992K, reserved 1116160K
  class space    used 9362K, capacity 9970K, committed 10200K, reserved 1048576K
Event: 2545.841 GC heap after
Heap after GC invocations=29 (full 4):
 PSYoungGen      total 221184K, used 28644K [0x00000000e0000000, 0x00000000f1b00000, 0x0000000100000000)
  eden space 192512K, 0% used [0x00000000e0000000,0x00000000e0000000,0x00000000ebc00000)
  from space 28672K, 99% used [0x00000000ebc00000,0x00000000ed7f91d8,0x00000000ed800000)
  to   space 35840K, 0% used [0x00000000ef800000,0x00000000ef800000,0x00000000f1b00000)
 ParOldGen       total 129024K, used 42975K [0x00000000a0000000, 0x00000000a7e00000, 0x00000000e0000000)
  object space 129024K, 33% used [0x00000000a0000000,0x00000000a29f7e90,0x00000000a7e00000)
 Metaspace       used 72457K, capacity 74766K, committed 75992K, reserved 1116160K
  class space    used 9362K, capacity 9970K, committed 10200K, reserved 1048576K
}
Event: 2670.518 GC heap before
{Heap before GC invocations=30 (full 4):
 PSYoungGen      total 221184K, used 221156K [0x00000000e0000000, 0x00000000f1b00000, 0x0000000100000000)
  eden space 192512K, 100% used [0x00000000e0000000,0x00000000ebc00000,0x00000000ebc00000)
  from space 28672K, 99% used [0x00000000ebc00000,0x00000000ed7f91d8,0x00000000ed800000)
  to   space 35840K, 0% used [0x00000000ef800000,0x00000000ef800000,0x00000000f1b00000)
 ParOldGen       total 129024K, used 42975K [0x00000000a0000000, 0x00000000a7e00000, 0x00000000e0000000)
  object space 129024K, 33% used [0x00000000a0000000,0x00000000a29f7e90,0x00000000a7e00000)
 Metaspace       used 73380K, capacity 75946K, committed 76632K, reserved 1116160K
  class space    used 9535K, capacity 10214K, committed 10328K, reserved 1048576K
Event: 2670.626 GC heap after
Heap after GC invocations=30 (full 4):
 PSYoungGen      total 250368K, used 25060K [0x00000000e0000000, 0x00000000f1b80000, 0x0000000100000000)
  eden space 214528K, 0% used [0x00000000e0000000,0x00000000e0000000,0x00000000ed180000)
  from space 35840K, 69% used [0x00000000ef800000,0x00000000f10791e8,0x00000000f1b00000)
  to   space 37888K, 0% used [0x00000000ed180000,0x00000000ed180000,0x00000000ef680000)
 ParOldGen       total 129024K, used 50043K [0x00000000a0000000, 0x00000000a7e00000, 0x00000000e0000000)
  object space 129024K, 38% used [0x00000000a0000000,0x00000000a30deee0,0x00000000a7e00000)
 Metaspace       used 73380K, capacity 75946K, committed 76632K, reserved 1116160K
  class space    used 9535K, capacity 10214K, committed 10328K, reserved 1048576K
}
Event: 2679.334 GC heap before
{Heap before GC invocations=31 (full 4):
 PSYoungGen      total 250368K, used 239588K [0x00000000e0000000, 0x00000000f1b80000, 0x0000000100000000)
  eden space 214528K, 100% used [0x00000000e0000000,0x00000000ed180000,0x00000000ed180000)
  from space 35840K, 69% used [0x00000000ef800000,0x00000000f10791e8,0x00000000f1b00000)
  to   space 37888K, 0% used [0x00000000ed180000,0x00000000ed180000,0x00000000ef680000)
 ParOldGen       total 129024K, used 50043K [0x00000000a0000000, 0x00000000a7e00000, 0x00000000e0000000)
  object space 129024K, 38% used [0x00000000a0000000,0x00000000a30deee0,0x00000000a7e00000)
 Metaspace       used 74390K, capacity 77432K, committed 77656K, reserved 1116160K
  class space    used 9687K, capacity 10484K, committed 10584K, reserved 1048576K
Event: 2679.370 GC heap after
Heap after GC invocations=31 (full 4):
 PSYoungGen      total 252416K, used 28795K [0x00000000e0000000, 0x00000000f3580000, 0x0000000100000000)
  eden space 214528K, 0% used [0x00000000e0000000,0x00000000e0000000,0x00000000ed180000)
  from space 37888K, 76% used [0x00000000ed180000,0x00000000eed9ef00,0x00000000ef680000)
  to   space 40448K, 0% used [0x00000000f0e00000,0x00000000f0e00000,0x00000000f3580000)
 ParOldGen       total 129024K, used 50051K [0x00000000a0000000, 0x00000000a7e00000, 0x00000000e0000000)
  object space 129024K, 38% used [0x00000000a0000000,0x00000000a30e0ee0,0x00000000a7e00000)
 Metaspace       used 74390K, capacity 77432K, committed 77656K, reserved 1116160K
  class space    used 9687K, capacity 10484K, committed 10584K, reserved 1048576K
}
Event: 2845.968 GC heap before
{Heap before GC invocations=32 (full 4):
 PSYoungGen      total 252416K, used 243323K [0x00000000e0000000, 0x00000000f3580000, 0x0000000100000000)
  eden space 214528K, 100% used [0x00000000e0000000,0x00000000ed180000,0x00000000ed180000)
  from space 37888K, 76% used [0x00000000ed180000,0x00000000eed9ef00,0x00000000ef680000)
  to   space 40448K, 0% used [0x00000000f0e00000,0x00000000f0e00000,0x00000000f3580000)
 ParOldGen       total 129024K, used 50051K [0x00000000a0000000, 0x00000000a7e00000, 0x00000000e0000000)
  object space 129024K, 38% used [0x00000000a0000000,0x00000000a30e0ee0,0x00000000a7e00000)
 Metaspace       used 74744K, capacity 77772K, committed 77912K, reserved 1116160K
  class space    used 9724K, capacity 10498K, committed 10584K, reserved 1048576K
Event: 2846.109 GC heap after
Heap after GC invocations=32 (full 4):
 PSYoungGen      total 272896K, used 30100K [0x00000000e0000000, 0x00000000f3700000, 0x0000000100000000)
  eden space 232448K, 0% used [0x00000000e0000000,0x00000000e0000000,0x00000000ee300000)
  from space 40448K, 74% used [0x00000000f0e00000,0x00000000f2b65248,0x00000000f3580000)
  to   space 43008K, 0% used [0x00000000ee300000,0x00000000ee300000,0x00000000f0d00000)
 ParOldGen       total 129024K, used 50059K [0x00000000a0000000, 0x00000000a7e00000, 0x00000000e0000000)
  object space 129024K, 38% used [0x00000000a0000000,0x00000000a30e2ee0,0x00000000a7e00000)
 Metaspace       used 74744K, capacity 77772K, committed 77912K, reserved 1116160K
  class space    used 9724K, capacity 10498K, committed 10584K, reserved 1048576K
}
Event: 2861.824 GC heap before
{Heap before GC invocations=33 (full 4):
 PSYoungGen      total 272896K, used 262548K [0x00000000e0000000, 0x00000000f3700000, 0x0000000100000000)
  eden space 232448K, 100% used [0x00000000e0000000,0x00000000ee300000,0x00000000ee300000)
  from space 40448K, 74% used [0x00000000f0e00000,0x00000000f2b65248,0x00000000f3580000)
  to   space 43008K, 0% used [0x00000000ee300000,0x00000000ee300000,0x00000000f0d00000)
 ParOldGen       total 129024K, used 50059K [0x00000000a0000000, 0x00000000a7e00000, 0x00000000e0000000)
  object space 129024K, 38% used [0x00000000a0000000,0x00000000a30e2ee0,0x00000000a7e00000)
 Metaspace       used 81620K, capacity 84908K, committed 85080K, reserved 1122304K
  class space    used 10484K, capacity 11318K, committed 11352K, reserved 1048576K
Event: 2862.123 GC heap after
Heap after GC invocations=33 (full 4):
 PSYoungGen      total 275456K, used 42987K [0x00000000e0000000, 0x00000000f5f00000, 0x0000000100000000)
  eden space 232448K, 0% used [0x00000000e0000000,0x00000000e0000000,0x00000000ee300000)
  from space 43008K, 99% used [0x00000000ee300000,0x00000000f0cfafb0,0x00000000f0d00000)
  to   space 51712K, 0% used [0x00000000f2c80000,0x00000000f2c80000,0x00000000f5f00000)
 ParOldGen       total 129024K, used 55935K [0x00000000a0000000, 0x00000000a7e00000, 0x00000000e0000000)
  object space 129024K, 43% used [0x00000000a0000000,0x00000000a369fdb8,0x00000000a7e00000)
 Metaspace       used 81620K, capacity 84908K, committed 85080K, reserved 1122304K
  class space    used 10484K, capacity 11318K, committed 11352K, reserved 1048576K
}

