# JRE version: OpenJDK Runtime Environment (8.0_152-b06) (build 1.8.0_152-release-1136-b06)
# Java VM: OpenJDK 64-Bit Server VM (25.152-b06 mixed mode windows-amd64 compressed oops)
Heap:
 PSYoungGen      total 234496K, used 175616K [0x00000000e0000000, 0x00000000f4080000, 0x0000000100000000)
  eden space 175616K, 100% used [0x00000000e0000000,0x00000000eab80000,0x00000000eab80000)
  from space 58880K, 0% used [0x00000000eab80000,0x00000000eab80000,0x00000000ee500000)
  to   space 57856K, 0% used [0x00000000f0800000,0x00000000f0800000,0x00000000f4080000)
 ParOldGen       total 180736K, used 156896K [0x00000000a0000000, 0x00000000ab080000, 0x00000000e0000000)
  object space 180736K, 86% used [0x00000000a0000000,0x00000000a99380a0,0x00000000ab080000)
 Metaspace       used 68047K, capacity 70536K, committed 70872K, reserved 1110016K
  class space    used 8987K, capacity 9550K, committed 9728K, reserved 1048576K
GC Heap History (10 events):
Event: 35.486 GC heap after
Heap after GC invocations=32 (full 3):
 PSYoungGen      total 178176K, used 15335K [0x00000000e0000000, 0x00000000f0a80000, 0x0000000100000000)
  eden space 162816K, 0% used [0x00000000e0000000,0x00000000e0000000,0x00000000e9f00000)
  from space 15360K, 99% used [0x00000000e9f00000,0x00000000eadf9d00,0x00000000eae00000)
  to   space 38400K, 0% used [0x00000000ee500000,0x00000000ee500000,0x00000000f0a80000)
 ParOldGen       total 100864K, used 100514K [0x00000000a0000000, 0x00000000a6280000, 0x00000000e0000000)
  object space 100864K, 99% used [0x00000000a0000000,0x00000000a6228948,0x00000000a6280000)
 Metaspace       used 68044K, capacity 70608K, committed 70872K, reserved 1110016K
  class space    used 9015K, capacity 9602K, committed 9728K, reserved 1048576K
}
Event: 35.486 GC heap before
{Heap before GC invocations=33 (full 4):
 PSYoungGen      total 178176K, used 15335K [0x00000000e0000000, 0x00000000f0a80000, 0x0000000100000000)
  eden space 162816K, 0% used [0x00000000e0000000,0x00000000e0000000,0x00000000e9f00000)
  from space 15360K, 99% used [0x00000000e9f00000,0x00000000eadf9d00,0x00000000eae00000)
  to   space 38400K, 0% used [0x00000000ee500000,0x00000000ee500000,0x00000000f0a80000)
 ParOldGen       total 100864K, used 100514K [0x00000000a0000000, 0x00000000a6280000, 0x00000000e0000000)
  object space 100864K, 99% used [0x00000000a0000000,0x00000000a6228948,0x00000000a6280000)
 Metaspace       used 68044K, capacity 70608K, committed 70872K, reserved 1110016K
  class space    used 9015K, capacity 9602K, committed 9728K, reserved 1048576K
Event: 36.163 GC heap after
Heap after GC invocations=33 (full 4):
 PSYoungGen      total 178176K, used 11209K [0x00000000e0000000, 0x00000000f0a80000, 0x0000000100000000)
  eden space 162816K, 0% used [0x00000000e0000000,0x00000000e0000000,0x00000000e9f00000)
  from space 15360K, 72% used [0x00000000e9f00000,0x00000000ea9f2648,0x00000000eae00000)
  to   space 38400K, 0% used [0x00000000ee500000,0x00000000ee500000,0x00000000f0a80000)
 ParOldGen       total 180736K, used 100606K [0x00000000a0000000, 0x00000000ab080000, 0x00000000e0000000)
  object space 180736K, 55% used [0x00000000a0000000,0x00000000a623fad0,0x00000000ab080000)
 Metaspace       used 67942K, capacity 70354K, committed 70872K, reserved 1110016K
  class space    used 8978K, capacity 9539K, committed 9728K, reserved 1048576K
}
Event: 37.512 GC heap before
{Heap before GC invocations=34 (full 4):
 PSYoungGen      total 178176K, used 174025K [0x00000000e0000000, 0x00000000f0a80000, 0x0000000100000000)
  eden space 162816K, 100% used [0x00000000e0000000,0x00000000e9f00000,0x00000000e9f00000)
  from space 15360K, 72% used [0x00000000e9f00000,0x00000000ea9f2648,0x00000000eae00000)
  to   space 38400K, 0% used [0x00000000ee500000,0x00000000ee500000,0x00000000f0a80000)
 ParOldGen       total 180736K, used 100606K [0x00000000a0000000, 0x00000000ab080000, 0x00000000e0000000)
  object space 180736K, 55% used [0x00000000a0000000,0x00000000a623fad0,0x00000000ab080000)
 Metaspace       used 67975K, capacity 70354K, committed 70872K, reserved 1110016K
  class space    used 8978K, capacity 9539K, committed 9728K, reserved 1048576K
Event: 37.634 GC heap after
Heap after GC invocations=34 (full 4):
 PSYoungGen      total 214016K, used 38387K [0x00000000e0000000, 0x00000000f2f80000, 0x0000000100000000)
  eden space 175616K, 0% used [0x00000000e0000000,0x00000000e0000000,0x00000000eab80000)
  from space 38400K, 99% used [0x00000000ee500000,0x00000000f0a7ced0,0x00000000f0a80000)
  to   space 58880K, 0% used [0x00000000eab80000,0x00000000eab80000,0x00000000ee500000)
 ParOldGen       total 180736K, used 137685K [0x00000000a0000000, 0x00000000ab080000, 0x00000000e0000000)
  object space 180736K, 76% used [0x00000000a0000000,0x00000000a86757a8,0x00000000ab080000)
 Metaspace       used 67975K, capacity 70354K, committed 70872K, reserved 1110016K
  class space    used 8978K, capacity 9539K, committed 9728K, reserved 1048576K
}
Event: 38.302 GC heap before
{Heap before GC invocations=35 (full 4):
 PSYoungGen      total 214016K, used 214003K [0x00000000e0000000, 0x00000000f2f80000, 0x0000000100000000)
  eden space 175616K, 100% used [0x00000000e0000000,0x00000000eab80000,0x00000000eab80000)
  from space 38400K, 99% used [0x00000000ee500000,0x00000000f0a7ced0,0x00000000f0a80000)
  to   space 58880K, 0% used [0x00000000eab80000,0x00000000eab80000,0x00000000ee500000)
 ParOldGen       total 180736K, used 137685K [0x00000000a0000000, 0x00000000ab080000, 0x00000000e0000000)
  object space 180736K, 76% used [0x00000000a0000000,0x00000000a86757a8,0x00000000ab080000)
 Metaspace       used 67990K, capacity 70418K, committed 70872K, reserved 1110016K
  class space    used 8978K, capacity 9539K, committed 9728K, reserved 1048576K
Event: 38.395 GC heap after
Heap after GC invocations=35 (full 4):
 PSYoungGen      total 234496K, used 28193K [0x00000000e0000000, 0x00000000f4080000, 0x0000000100000000)
  eden space 175616K, 0% used [0x00000000e0000000,0x00000000e0000000,0x00000000eab80000)
  from space 58880K, 47% used [0x00000000eab80000,0x00000000ec708560,0x00000000ee500000)
  to   space 57856K, 0% used [0x00000000f0800000,0x00000000f0800000,0x00000000f4080000)
 ParOldGen       total 180736K, used 176204K [0x00000000a0000000, 0x00000000ab080000, 0x00000000e0000000)
  object space 180736K, 97% used [0x00000000a0000000,0x00000000aac132c8,0x00000000ab080000)
 Metaspace       used 67990K, capacity 70418K, committed 70872K, reserved 1110016K
  class space    used 8978K, capacity 9539K, committed 9728K, reserved 1048576K
}
Event: 38.395 GC heap before
{Heap before GC invocations=36 (full 5):
 PSYoungGen      total 234496K, used 28193K [0x00000000e0000000, 0x00000000f4080000, 0x0000000100000000)
  eden space 175616K, 0% used [0x00000000e0000000,0x00000000e0000000,0x00000000eab80000)
  from space 58880K, 47% used [0x00000000eab80000,0x00000000ec708560,0x00000000ee500000)
  to   space 57856K, 0% used [0x00000000f0800000,0x00000000f0800000,0x00000000f4080000)
 ParOldGen       total 180736K, used 176204K [0x00000000a0000000, 0x00000000ab080000, 0x00000000e0000000)
  object space 180736K, 97% used [0x00000000a0000000,0x00000000aac132c8,0x00000000ab080000)
 Metaspace       used 67990K, capacity 70418K, committed 70872K, reserved 1110016K
  class space    used 8978K, capacity 9539K, committed 9728K, reserved 1048576K
Event: 39.145 GC heap after
Heap after GC invocations=36 (full 5):
 PSYoungGen      total 234496K, used 0K [0x00000000e0000000, 0x00000000f4080000, 0x0000000100000000)
  eden space 175616K, 0% used [0x00000000e0000000,0x00000000e0000000,0x00000000eab80000)
  from space 58880K, 0% used [0x00000000eab80000,0x00000000eab80000,0x00000000ee500000)
  to   space 57856K, 0% used [0x00000000f0800000,0x00000000f0800000,0x00000000f4080000)
 ParOldGen       total 180736K, used 156896K [0x00000000a0000000, 0x00000000ab080000, 0x00000000e0000000)
  object space 180736K, 86% used [0x00000000a0000000,0x00000000a99380a0,0x00000000ab080000)
 Metaspace       used 67990K, capacity 70418K, committed 70872K, reserved 1110016K
  class space    used 8978K, capacity 9539K, committed 9728K, reserved 1048576K
}
Event: 40.318 GC heap before
{Heap before GC invocations=37 (full 6):
 PSYoungGen      total 234496K, used 175616K [0x00000000e0000000, 0x00000000f4080000, 0x0000000100000000)
  eden space 175616K, 100% used [0x00000000e0000000,0x00000000eab80000,0x00000000eab80000)
  from space 58880K, 0% used [0x00000000eab80000,0x00000000eab80000,0x00000000ee500000)
  to   space 57856K, 0% used [0x00000000f0800000,0x00000000f0800000,0x00000000f4080000)
 ParOldGen       total 180736K, used 156896K [0x00000000a0000000, 0x00000000ab080000, 0x00000000e0000000)
  object space 180736K, 86% used [0x00000000a0000000,0x00000000a99380a0,0x00000000ab080000)
 Metaspace       used 68047K, capacity 70536K, committed 70872K, reserved 1110016K
  class space    used 8987K, capacity 9550K, committed 9728K, reserved 1048576K

