# JRE version: OpenJDK Runtime Environment (8.0_152-b06) (build 1.8.0_152-release-1136-b06)
# Java VM: OpenJDK 64-Bit Server VM (25.152-b06 mixed mode windows-amd64 compressed oops)
Heap:
 PSYoungGen      total 423936K, used 230646K [0x00000000e0000000, 0x00000000ff600000, 0x0000000100000000)
  eden space 344064K, 62% used [0x00000000e0000000,0x00000000ed0e9810,0x00000000f5000000)
  from space 79872K, 20% used [0x00000000fa800000,0x00000000fb8540b0,0x00000000ff600000)
  to   space 84992K, 0% used [0x00000000f5000000,0x00000000f5000000,0x00000000fa300000)
 ParOldGen       total 316416K, used 206419K [0x00000000a0000000, 0x00000000b3500000, 0x00000000e0000000)
  object space 316416K, 65% used [0x00000000a0000000,0x00000000ac994d08,0x00000000b3500000)
 Metaspace       used 97716K, capacity 103182K, committed 103552K, reserved 1138688K
  class space    used 12315K, capacity 13579K, committed 13696K, reserved 1048576K
GC Heap History (10 events):
Event: 897.366 GC heap before
{Heap before GC invocations=48 (full 6):
 PSYoungGen      total 389632K, used 301056K [0x00000000e0000000, 0x0000000100000000, 0x0000000100000000)
  eden space 301056K, 100% used [0x00000000e0000000,0x00000000f2600000,0x00000000f2600000)
  from space 88576K, 0% used [0x00000000f2600000,0x00000000f2600000,0x00000000f7c80000)
  to   space 98304K, 0% used [0x00000000fa000000,0x00000000fa000000,0x0000000100000000)
 ParOldGen       total 316416K, used 184661K [0x00000000a0000000, 0x00000000b3500000, 0x00000000e0000000)
  object space 316416K, 58% used [0x00000000a0000000,0x00000000ab4555c8,0x00000000b3500000)
 Metaspace       used 91089K, capacity 95160K, committed 95872K, reserved 1132544K
  class space    used 11552K, capacity 12447K, committed 12672K, reserved 1048576K
Event: 897.470 GC heap after
Heap after GC invocations=48 (full 6):
 PSYoungGen      total 427008K, used 29822K [0x00000000e0000000, 0x00000000ffc00000, 0x0000000100000000)
  eden space 332800K, 0% used [0x00000000e0000000,0x00000000e0000000,0x00000000f4500000)
  from space 94208K, 31% used [0x00000000fa000000,0x00000000fbd1f990,0x00000000ffc00000)
  to   space 93184K, 0% used [0x00000000f4500000,0x00000000f4500000,0x00000000fa000000)
 ParOldGen       total 316416K, used 184669K [0x00000000a0000000, 0x00000000b3500000, 0x00000000e0000000)
  object space 316416K, 58% used [0x00000000a0000000,0x00000000ab4575c8,0x00000000b3500000)
 Metaspace       used 91089K, capacity 95160K, committed 95872K, reserved 1132544K
  class space    used 11552K, capacity 12447K, committed 12672K, reserved 1048576K
}
Event: 897.611 GC heap before
{Heap before GC invocations=49 (full 6):
 PSYoungGen      total 427008K, used 362447K [0x00000000e0000000, 0x00000000ffc00000, 0x0000000100000000)
  eden space 332800K, 99% used [0x00000000e0000000,0x00000000f44d4460,0x00000000f4500000)
  from space 94208K, 31% used [0x00000000fa000000,0x00000000fbd1f990,0x00000000ffc00000)
  to   space 93184K, 0% used [0x00000000f4500000,0x00000000f4500000,0x00000000fa000000)
 ParOldGen       total 316416K, used 184669K [0x00000000a0000000, 0x00000000b3500000, 0x00000000e0000000)
  object space 316416K, 58% used [0x00000000a0000000,0x00000000ab4575c8,0x00000000b3500000)
 Metaspace       used 91123K, capacity 95160K, committed 95872K, reserved 1132544K
  class space    used 11552K, capacity 12447K, committed 12672K, reserved 1048576K
Event: 897.640 GC heap after
Heap after GC invocations=49 (full 6):
 PSYoungGen      total 425984K, used 810K [0x00000000e0000000, 0x00000000fff00000, 0x0000000100000000)
  eden space 332800K, 0% used [0x00000000e0000000,0x00000000e0000000,0x00000000f4500000)
  from space 93184K, 0% used [0x00000000f4500000,0x00000000f45ca838,0x00000000fa000000)
  to   space 93184K, 0% used [0x00000000fa400000,0x00000000fa400000,0x00000000fff00000)
 ParOldGen       total 316416K, used 202056K [0x00000000a0000000, 0x00000000b3500000, 0x00000000e0000000)
  object space 316416K, 63% used [0x00000000a0000000,0x00000000ac552348,0x00000000b3500000)
 Metaspace       used 91123K, capacity 95160K, committed 95872K, reserved 1132544K
  class space    used 11552K, capacity 12447K, committed 12672K, reserved 1048576K
}
Event: 3137.369 GC heap before
{Heap before GC invocations=50 (full 6):
 PSYoungGen      total 425984K, used 333610K [0x00000000e0000000, 0x00000000fff00000, 0x0000000100000000)
  eden space 332800K, 100% used [0x00000000e0000000,0x00000000f4500000,0x00000000f4500000)
  from space 93184K, 0% used [0x00000000f4500000,0x00000000f45ca838,0x00000000fa000000)
  to   space 93184K, 0% used [0x00000000fa400000,0x00000000fa400000,0x00000000fff00000)
 ParOldGen       total 316416K, used 202056K [0x00000000a0000000, 0x00000000b3500000, 0x00000000e0000000)
  object space 316416K, 63% used [0x00000000a0000000,0x00000000ac552348,0x00000000b3500000)
 Metaspace       used 95807K, capacity 100276K, committed 100608K, reserved 1136640K
  class space    used 12134K, capacity 13168K, committed 13312K, reserved 1048576K
Event: 3146.945 GC heap after
Heap after GC invocations=50 (full 6):
 PSYoungGen      total 427008K, used 12721K [0x00000000e0000000, 0x00000000ffb00000, 0x0000000100000000)
  eden space 337920K, 0% used [0x00000000e0000000,0x00000000e0000000,0x00000000f4a00000)
  from space 89088K, 14% used [0x00000000fa400000,0x00000000fb06c760,0x00000000ffb00000)
  to   space 90624K, 0% used [0x00000000f4a00000,0x00000000f4a00000,0x00000000fa280000)
 ParOldGen       total 316416K, used 202428K [0x00000000a0000000, 0x00000000b3500000, 0x00000000e0000000)
  object space 316416K, 63% used [0x00000000a0000000,0x00000000ac5af3a0,0x00000000b3500000)
 Metaspace       used 95807K, capacity 100276K, committed 100608K, reserved 1136640K
  class space    used 12134K, capacity 13168K, committed 13312K, reserved 1048576K
}
Event: 5635.695 GC heap before
{Heap before GC invocations=51 (full 6):
 PSYoungGen      total 427008K, used 350641K [0x00000000e0000000, 0x00000000ffb00000, 0x0000000100000000)
  eden space 337920K, 100% used [0x00000000e0000000,0x00000000f4a00000,0x00000000f4a00000)
  from space 89088K, 14% used [0x00000000fa400000,0x00000000fb06c760,0x00000000ffb00000)
  to   space 90624K, 0% used [0x00000000f4a00000,0x00000000f4a00000,0x00000000fa280000)
 ParOldGen       total 316416K, used 202428K [0x00000000a0000000, 0x00000000b3500000, 0x00000000e0000000)
  object space 316416K, 63% used [0x00000000a0000000,0x00000000ac5af3a0,0x00000000b3500000)
 Metaspace       used 96211K, capacity 100822K, committed 101120K, reserved 1136640K
  class space    used 12155K, capacity 13205K, committed 13312K, reserved 1048576K
Event: 5636.888 GC heap after
Heap after GC invocations=51 (full 6):
 PSYoungGen      total 428544K, used 1632K [0x00000000e0000000, 0x00000000fff80000, 0x0000000100000000)
  eden space 337920K, 0% used [0x00000000e0000000,0x00000000e0000000,0x00000000f4a00000)
  from space 90624K, 1% used [0x00000000f4a00000,0x00000000f4b98010,0x00000000fa280000)
  to   space 89600K, 0% used [0x00000000fa800000,0x00000000fa800000,0x00000000fff80000)
 ParOldGen       total 316416K, used 206411K [0x00000000a0000000, 0x00000000b3500000, 0x00000000e0000000)
  object space 316416K, 65% used [0x00000000a0000000,0x00000000ac992d08,0x00000000b3500000)
 Metaspace       used 96211K, capacity 100822K, committed 101120K, reserved 1136640K
  class space    used 12155K, capacity 13205K, committed 13312K, reserved 1048576K
}
Event: 6601.155 GC heap before
{Heap before GC invocations=52 (full 6):
 PSYoungGen      total 428544K, used 339552K [0x00000000e0000000, 0x00000000fff80000, 0x0000000100000000)
  eden space 337920K, 100% used [0x00000000e0000000,0x00000000f4a00000,0x00000000f4a00000)
  from space 90624K, 1% used [0x00000000f4a00000,0x00000000f4b98010,0x00000000fa280000)
  to   space 89600K, 0% used [0x00000000fa800000,0x00000000fa800000,0x00000000fff80000)
 ParOldGen       total 316416K, used 206411K [0x00000000a0000000, 0x00000000b3500000, 0x00000000e0000000)
  object space 316416K, 65% used [0x00000000a0000000,0x00000000ac992d08,0x00000000b3500000)
 Metaspace       used 97340K, capacity 102548K, committed 102656K, reserved 1138688K
  class space    used 12268K, capacity 13466K, committed 13568K, reserved 1048576K
Event: 6602.956 GC heap after
Heap after GC invocations=52 (full 6):
 PSYoungGen      total 423936K, used 16720K [0x00000000e0000000, 0x00000000ff600000, 0x0000000100000000)
  eden space 344064K, 0% used [0x00000000e0000000,0x00000000e0000000,0x00000000f5000000)
  from space 79872K, 20% used [0x00000000fa800000,0x00000000fb8540b0,0x00000000ff600000)
  to   space 84992K, 0% used [0x00000000f5000000,0x00000000f5000000,0x00000000fa300000)
 ParOldGen       total 316416K, used 206419K [0x00000000a0000000, 0x00000000b3500000, 0x00000000e0000000)
  object space 316416K, 65% used [0x00000000a0000000,0x00000000ac994d08,0x00000000b3500000)
 Metaspace       used 97340K, capacity 102548K, committed 102656K, reserved 1138688K
  class space    used 12268K, capacity 13466K, committed 13568K, reserved 1048576K
}

